Build started 29.09.2017 16:02:31.
     1>Project "E:\лабы\Lab412\Lab412\Lab412.vcxproj" on node 2 (Build target(s)).
     1>ClCompile:
         C:\Program Files (x86)\Microsoft Visual Studio 12.0\VC\bin\CL.exe /c /ZI /nologo /W3 /WX- /Od /Oy- /D WIN32 /D _DEBUG /D _CONSOLE /D _LIB /D _UNICODE /D UNICODE /Gm /EHsc /RTC1 /MDd /GS /fp:precise /Zc:wchar_t /Zc:forScope /Fo"Debug\\" /Fd"Debug\vc120.pdb" /Gd /TP /analyze- /errorReport:prompt lab412.cpp
         lab412.cpp
     1>e:\лабы\lab412\lab412\lab412.cpp(6): error C2144: syntax error : 'int' should be preceded by ';'
     1>e:\лабы\lab412\lab412\lab412.cpp(8): error C2146: syntax error : missing ';' before identifier 'cin'
     1>Done Building Project "E:\лабы\Lab412\Lab412\Lab412.vcxproj" (Build target(s)) -- FAILED.

Build FAILED.

Time Elapsed 00:00:02.68
