Build started 13.11.2017 23:03:54.
     1>Project "E:\лабы\Lab11-2Ver1.1\Lab11-2Ver1.1\Lab11-2Ver1.1.vcxproj" on node 2 (Build target(s)).
     1>Link:
         C:\Program Files (x86)\Microsoft Visual Studio 12.0\VC\bin\link.exe /ERRORREPORT:PROMPT /OUT:"E:\лабы\Lab11-2Ver1.1\Debug\Lab11-2Ver1.1.exe" /INCREMENTAL /NOLOGO kernel32.lib user32.lib gdi32.lib winspool.lib comdlg32.lib advapi32.lib shell32.lib ole32.lib oleaut32.lib uuid.lib odbc32.lib odbccp32.lib /MANIFEST /MANIFESTUAC:"level='asInvoker' uiAccess='false'" /manifest:embed /DEBUG /PDB:"E:\лабы\Lab11-2Ver1.1\Debug\Lab11-2Ver1.1.pdb" /SUBSYSTEM:CONSOLE /TLBID:1 /DYNAMICBASE /NXCOMPAT /IMPLIB:"E:\лабы\Lab11-2Ver1.1\Debug\Lab11-2Ver1.1.lib" /MACHINE:X86 Debug\Source.obj
     1>LINK : fatal error LNK1104: cannot open file 'E:\лабы\Lab11-2Ver1.1\Debug\Lab11-2Ver1.1.exe'
     1>Done Building Project "E:\лабы\Lab11-2Ver1.1\Lab11-2Ver1.1\Lab11-2Ver1.1.vcxproj" (Build target(s)) -- FAILED.

Build FAILED.

Time Elapsed 00:00:00.13
